<?xml version="1.0" encoding="UTF-8"?>
<!-- Generated by org.testng.reporters.JUnitXMLReporter -->
<testsuite ignored="0" hostname="LAPTOP-QQR2V8BB" failures="0" tests="3" name="Default test" time="6.287" errors="0" timestamp="2023-02-09T17:23:01 IST">
  <testcase classname="files.DynamicJson" name="addBook" time="4.132"/>
  <testcase classname="files.DynamicJson" name="addBook" time="1.021"/>
  <testcase classname="files.DynamicJson" name="addBook" time="1.021"/>
</testsuite> <!-- Default test -->
