<?xml version="1.0" encoding="UTF-8"?>
<testng-results ignored="0" total="3" passed="3" failed="0" skipped="0">
  <reporter-output>
  </reporter-output>
  <suite started-at="2023-02-09T17:22:55 IST" name="Default suite" finished-at="2023-02-09T17:23:01 IST" duration-ms="6287">
    <groups>
    </groups>
    <test started-at="2023-02-09T17:22:55 IST" name="Default test" finished-at="2023-02-09T17:23:01 IST" duration-ms="6287">
      <class name="files.DynamicJson">
        <test-method signature="addBook(java.lang.String,java.lang.String)[pri:0, instance:files.DynamicJson@2f217633]" started-at="2023-02-09T17:22:55 IST" name="addBook" data-provider="BooksData" finished-at="2023-02-09T17:22:59 IST" duration-ms="4132" status="PASS">
          <params>
            <param index="0">
              <value>
                <![CDATA[uuu]]>
              </value>
            </param>
            <param index="1">
              <value>
                <![CDATA[121]]>
              </value>
            </param>
          </params>
          <reporter-output>
          </reporter-output>
        </test-method> <!-- addBook -->
        <test-method signature="addBook(java.lang.String,java.lang.String)[pri:0, instance:files.DynamicJson@2f217633]" started-at="2023-02-09T17:22:59 IST" name="addBook" data-provider="BooksData" finished-at="2023-02-09T17:23:00 IST" duration-ms="1021" status="PASS">
          <params>
            <param index="0">
              <value>
                <![CDATA[jjj]]>
              </value>
            </param>
            <param index="1">
              <value>
                <![CDATA[632]]>
              </value>
            </param>
          </params>
          <reporter-output>
          </reporter-output>
        </test-method> <!-- addBook -->
        <test-method signature="addBook(java.lang.String,java.lang.String)[pri:0, instance:files.DynamicJson@2f217633]" started-at="2023-02-09T17:23:00 IST" name="addBook" data-provider="BooksData" finished-at="2023-02-09T17:23:01 IST" duration-ms="1021" status="PASS">
          <params>
            <param index="0">
              <value>
                <![CDATA[liy]]>
              </value>
            </param>
            <param index="1">
              <value>
                <![CDATA[888]]>
              </value>
            </param>
          </params>
          <reporter-output>
          </reporter-output>
        </test-method> <!-- addBook -->
      </class> <!-- files.DynamicJson -->
    </test> <!-- Default test -->
  </suite> <!-- Default suite -->
</testng-results>
