<?xml version="1.0" encoding="UTF-8"?>
<!-- Generated by org.testng.reporters.JUnitReportReporter -->
<testsuite hostname="LAPTOP-QQR2V8BB" failures="0" tests="3" name="files.DynamicJson" time="6.174" errors="0" timestamp="2023-02-09T17:23:01 IST" skipped="0">
  <testcase classname="files.DynamicJson" name="addBook" time="4.132"/>
  <system-out/>
  <testcase classname="files.DynamicJson" name="addBook" time="1.021"/>
  <system-out/>
  <testcase classname="files.DynamicJson" name="addBook" time="1.021"/>
  <system-out/>
</testsuite> <!-- files.DynamicJson -->
